<?xml version="1.0" encoding="UTF-8"?>
<testng-results ignored="0" total="1" passed="0" failed="1" skipped="0">
  <reporter-output>
  </reporter-output>
  <suite started-at="2024-07-23T21:24:30 BST" name="Default suite" finished-at="2024-07-23T21:24:38 BST" duration-ms="8756">
    <groups>
    </groups>
    <test started-at="2024-07-23T21:24:30 BST" name="Default test" finished-at="2024-07-23T21:24:38 BST" duration-ms="8756">
      <class name="com.hr.testcases.SingUpTest">
        <test-method is-config="true" signature="setUp()[pri:0, instance:com.hr.testcases.SingUpTest@793f29ff]" started-at="2024-07-23T21:24:30 BST" name="setUp" finished-at="2024-07-23T21:24:32 BST" duration-ms="2808" status="PASS">
          <reporter-output>
          </reporter-output>
        </test-method> <!-- setUp -->
        <test-method signature="userVerifyNumberOFCheckBox()[pri:0, instance:com.hr.testcases.SingUpTest@793f29ff]" started-at="2024-07-23T21:24:32 BST" name="userVerifyNumberOFCheckBox" finished-at="2024-07-23T21:24:37 BST" duration-ms="4706" status="FAIL">
          <exception class="java.lang.AssertionError">
            <message>
              <![CDATA[number of checkbox is < 5 expected [true] but found [false]]]>
            </message>
            <full-stacktrace>
              <![CDATA[java.lang.AssertionError: number of checkbox is < 5 expected [true] but found [false]
at org.testng.Assert.fail(Assert.java:111)
at org.testng.Assert.failNotEquals(Assert.java:1578)
at org.testng.Assert.assertTrue(Assert.java:57)
at com.hr.pages.SingUpPage.verifyNumberOFCheckBoxPresent(SingUpPage.java:67)
at com.hr.testcases.SingUpTest.userVerifyNumberOFCheckBox(SingUpTest.java:31)
at java.base/jdk.internal.reflect.NativeMethodAccessorImpl.invoke0(Native Method)
at java.base/jdk.internal.reflect.NativeMethodAccessorImpl.invoke(NativeMethodAccessorImpl.java:62)
at java.base/jdk.internal.reflect.DelegatingMethodAccessorImpl.invoke(DelegatingMethodAccessorImpl.java:43)
at java.base/java.lang.reflect.Method.invoke(Method.java:566)
at org.testng.internal.invokers.MethodInvocationHelper.invokeMethod(MethodInvocationHelper.java:139)
at org.testng.internal.invokers.TestInvoker.invokeMethod(TestInvoker.java:664)
at org.testng.internal.invokers.TestInvoker.invokeTestMethod(TestInvoker.java:228)
at org.testng.internal.invokers.MethodRunner.runInSequence(MethodRunner.java:63)
at org.testng.internal.invokers.TestInvoker$MethodInvocationAgent.invoke(TestInvoker.java:961)
at org.testng.internal.invokers.TestInvoker.invokeTestMethods(TestInvoker.java:201)
at org.testng.internal.invokers.TestMethodWorker.invokeTestMethods(TestMethodWorker.java:148)
at org.testng.internal.invokers.TestMethodWorker.run(TestMethodWorker.java:128)
at java.base/java.util.ArrayList.forEach(ArrayList.java:1541)
at org.testng.TestRunner.privateRun(TestRunner.java:819)
at org.testng.TestRunner.run(TestRunner.java:619)
at org.testng.SuiteRunner.runTest(SuiteRunner.java:443)
at org.testng.SuiteRunner.runSequentially(SuiteRunner.java:437)
at org.testng.SuiteRunner.privateRun(SuiteRunner.java:397)
at org.testng.SuiteRunner.run(SuiteRunner.java:336)
at org.testng.SuiteRunnerWorker.runSuite(SuiteRunnerWorker.java:52)
at org.testng.SuiteRunnerWorker.run(SuiteRunnerWorker.java:95)
at org.testng.TestNG.runSuitesSequentially(TestNG.java:1301)
at org.testng.TestNG.runSuitesLocally(TestNG.java:1228)
at org.testng.TestNG.runSuites(TestNG.java:1134)
at org.testng.TestNG.run(TestNG.java:1101)
at org.testng.remote.AbstractRemoteTestNG.run(AbstractRemoteTestNG.java:115)
at org.testng.remote.RemoteTestNG.initAndRun(RemoteTestNG.java:293)
at org.testng.remote.RemoteTestNG.main(RemoteTestNG.java:91)
]]>
            </full-stacktrace>
          </exception> <!-- java.lang.AssertionError -->
          <reporter-output>
          </reporter-output>
        </test-method> <!-- userVerifyNumberOFCheckBox -->
        <test-method is-config="true" signature="tearDown()[pri:0, instance:com.hr.testcases.SingUpTest@793f29ff]" started-at="2024-07-23T21:24:37 BST" name="tearDown" finished-at="2024-07-23T21:24:38 BST" duration-ms="1188" status="PASS">
          <reporter-output>
          </reporter-output>
        </test-method> <!-- tearDown -->
      </class> <!-- com.hr.testcases.SingUpTest -->
    </test> <!-- Default test -->
  </suite> <!-- Default suite -->
</testng-results>
